2025-11-18 08:27:27 [INFO] === Security Scan Orchestrator Started ===
2025-11-18 08:27:27 [INFO] Target Directory: C:\Users\ronni\OneDrive\Desktop\Projects\SRTM-tool\
2025-11-18 08:27:27 [INFO] Scan Type: full
2025-11-18 08:27:27 [INFO] Parallel Execution: False
2025-11-18 08:27:27 [INFO] Exported TARGET_DIR=C:\Users\ronni\OneDrive\Desktop\Projects\SRTM-tool\
2025-11-18 08:27:27 [INFO] Checking Docker daemon status
2025-11-18 08:27:27 [INFO] Docker version: Docker version 28.4.0, build d8eb465
2025-11-18 08:27:27 [INFO] Docker daemon is running
2025-11-18 08:27:28 [INFO] Directory size: 622.77 MB, Files: 34441
2025-11-18 08:27:28 [INFO] Node.js project detected: srtm-tool
2025-11-18 08:27:28 [INFO] Docker project detected
2025-11-18 08:27:28 [INFO] Git repository detected
2025-11-18 08:27:28 [INFO] Starting full scan
2025-11-18 08:27:28 [INFO] Starting scan: SonarQube Analysis
2025-11-18 08:27:28 [INFO] Script validated: C:\Users\ronni\OneDrive\Desktop\Projects\comprehensive-security-architecture\scripts\powershell\run-sonar-analysis.ps1
2025-11-18 08:27:29 [ERROR] SonarQube Analysis failed: The term 'param' is not recognized as a name of a cmdlet, function, script file, or executable program.
Check the spelling of the name, or if a path was included, verify that the path is correct and try again.
2025-11-18 08:27:29 [INFO] Starting scan: TruffleHog Filesystem
2025-11-18 08:27:29 [INFO] Script validated: C:\Users\ronni\OneDrive\Desktop\Projects\comprehensive-security-architecture\scripts\powershell\run-trufflehog-scan.ps1
2025-11-18 08:27:29 [ERROR] TruffleHog Filesystem failed: At C:\Users\ronni\OneDrive\Desktop\Projects\comprehensive-security-architecture\scripts\powershell\run-trufflehog-scan.ps1:9 char:40
+     [Parameter(Position=0)]$ScriptDir = Split-Path -Parent $MyInvocat …
+                                        ~
Missing expression after '='.

At C:\Users\ronni\OneDrive\Desktop\Projects\comprehensive-security-architecture\scripts\powershell\run-trufflehog-scan.ps1:9 char:38
+     [Parameter(Position=0)]$ScriptDir = Split-Path -Parent $MyInvocat …
+                                      ~
Missing ')' in function parameter list.

At C:\Users\ronni\OneDrive\Desktop\Projects\comprehensive-security-architecture\scripts\powershell\run-trufflehog-scan.ps1:15 char:1
+ ). "$ScriptDir\Scan-Directory-Template.ps1"
+ ~
Unexpected token ')' in expression or statement.

At C:\Users\ronni\OneDrive\Desktop\Projects\comprehensive-security-architecture\scripts\powershell\run-trufflehog-scan.ps1:47 char:41
+     $parts = $env:SCAN_ID -split '_'    $USERNAME = if ($env:USERNAME …
+                                         ~~~~~~~~~
Unexpected token '$USERNAME' in expression or statement.

At C:\Users\ronni\OneDrive\Desktop\Projects\comprehensive-security-architecture\scripts\powershell\run-trufflehog-scan.ps1:49 char:33
+     $TARGET_NAME = $parts[0]    $TIMESTAMP = Get-Date -Format "yyyy-M …
+                                 ~~~~~~~~~~
Unexpected token '$TIMESTAMP' in expression or statement.

At C:\Users\ronni\OneDrive\Desktop\Projects\comprehensive-security-architecture\scripts\powershell\run-trufflehog-scan.ps1:51 char:30
+     $USERNAME = $parts[1]    $SCAN_ID = "${TARGET_NAME}_${USERNAME}_$ …
+                              ~~~~~~~~
Unexpected token '$SCAN_ID' in expression or statement.

At C:\Users\ronni\OneDrive\Desktop\Projects\comprehensive-security-architecture\scripts\powershell\run-trufflehog-scan.ps1:57 char:1
+ }# Configuration - Support target directory override
+ ~
Unexpected token '}' in expression or statement.

At C:\Users\ronni\OneDrive\Desktop\Projects\comprehensive-security-architecture\scripts\powershell\run-trufflehog-scan.ps1:77 char:13
+ $RED = "Red"$GREEN = "Green"
+             ~~~~~~
Unexpected token '$GREEN' in expression or statement.

At C:\Users\ronni\OneDrive\Desktop\Projects\comprehensive-security-architecture\scripts\powershell\run-trufflehog-scan.ps1:79 char:17
+ $GREEN = "Green"$YELLOW = "Yellow"
+                 ~~~~~~~
Unexpected token '$YELLOW' in expression or statement.

At C:\Users\ronni\OneDrive\Desktop\Projects\comprehensive-security-architecture\scripts\powershell\run-trufflehog-scan.ps1:81 char:19
+ $YELLOW = "Yellow"$BLUE = "Cyan"
+                   ~~~~~
Unexpected token '$BLUE' in expression or statement.

Not all parse errors were reported.  Correct the reported errors and try again.
2025-11-18 08:27:29 [INFO] Starting scan: ClamAV Antivirus Scan
2025-11-18 08:27:29 [INFO] Script validated: C:\Users\ronni\OneDrive\Desktop\Projects\comprehensive-security-architecture\scripts\powershell\run-clamav-scan.ps1
2025-11-18 09:01:10 [ERROR] ClamAV Antivirus Scan failed: Exception calling "Substring" with "2" argument(s): "Index and length must refer to a location within the string. (Parameter 'length')"
2025-11-18 09:01:10 [INFO] Starting scan: Helm Chart Build
2025-11-18 09:01:10 [INFO] Script validated: C:\Users\ronni\OneDrive\Desktop\Projects\comprehensive-security-architecture\scripts\powershell\run-helm-build.ps1
2025-11-18 09:01:10 [ERROR] Helm Chart Build failed: At C:\Users\ronni\OneDrive\Desktop\Projects\comprehensive-security-architecture\scripts\powershell\run-helm-build.ps1:32 char:5
+     [Parameter(Position=1)]
+     ~~~~~~~~~~~~~~~~~~~~~~~
Unexpected attribute 'Parameter'.
2025-11-18 09:01:10 [INFO] Starting scan: Checkov IaC Security
2025-11-18 09:01:10 [INFO] Script validated: C:\Users\ronni\OneDrive\Desktop\Projects\comprehensive-security-architecture\scripts\powershell\run-checkov-scan.ps1
2025-11-18 09:01:10 [ERROR] Checkov IaC Security failed: At C:\Users\ronni\OneDrive\Desktop\Projects\comprehensive-security-architecture\scripts\powershell\run-checkov-scan.ps1:7 char:7
+ param(param(
+       ~
Missing ')' in function parameter list.

At C:\Users\ronni\OneDrive\Desktop\Projects\comprehensive-security-architecture\scripts\powershell\run-checkov-scan.ps1:11 char:32
+     [string]$TargetDir = ""    [string]$Mode = "default"
+                                ~~~~~~~~~~~~~
Unexpected token '[string]$Mode' in expression or statement.

At C:\Users\ronni\OneDrive\Desktop\Projects\comprehensive-security-architecture\scripts\powershell\run-checkov-scan.ps1:11 char:28
+     [string]$TargetDir = ""    [string]$Mode = "default"
+                            ~
Missing closing ')' in expression.

At C:\Users\ronni\OneDrive\Desktop\Projects\comprehensive-security-architecture\scripts\powershell\run-checkov-scan.ps1:13 char:1
+ ))
+ ~
Unexpected token ')' in expression or statement.

At C:\Users\ronni\OneDrive\Desktop\Projects\comprehensive-security-architecture\scripts\powershell\run-checkov-scan.ps1:13 char:2
+ ))
+  ~
Unexpected token ')' in expression or statement.

At C:\Users\ronni\OneDrive\Desktop\Projects\comprehensive-security-architecture\scripts\powershell\run-checkov-scan.ps1:17 char:36
+ $ErrorActionPreference = "Continue"$ErrorActionPreference = "Continue …
+                                    ~~~~~~~~~~~~~~~~~~~~~~
Unexpected token '$ErrorActionPreference' in expression or statement.

At C:\Users\ronni\OneDrive\Desktop\Projects\comprehensive-security-architecture\scripts\powershell\run-checkov-scan.ps1:23 char:13
+ $RED = "Red"$ScriptDir = Split-Path -Parent $MyInvocation.MyCommand.P …
+             ~~~~~~~~~~
Unexpected token '$ScriptDir' in expression or statement.

At C:\Users\ronni\OneDrive\Desktop\Projects\comprehensive-security-architecture\scripts\powershell\run-checkov-scan.ps1:35 char:17
+ $WHITE = "White"$scanEnv = Initialize-ScanEnvironment -ToolName "chec …
+                 ~~~~~~~~
Unexpected token '$scanEnv' in expression or statement.

At C:\Users\ronni\OneDrive\Desktop\Projects\comprehensive-security-architecture\scripts\powershell\run-checkov-scan.ps1:77 char:37
+     $parts = $env:SCAN_ID -split '_'$HelmOutputDir = "..\..\reports\h …
+                                     ~~~~~~~~~~~~~~
Unexpected token '$HelmOutputDir' in expression or statement.

At C:\Users\ronni\OneDrive\Desktop\Projects\comprehensive-security-architecture\scripts\powershell\run-checkov-scan.ps1:81 char:26
+     $USERNAME = $parts[1]$ChartName = "advana-marketplace"
+                          ~~~~~~~~~~
Unexpected token '$ChartName' in expression or statement.

Not all parse errors were reported.  Correct the reported errors and try again.
2025-11-18 09:01:10 [INFO] Starting scan: Grype Filesystem
2025-11-18 09:01:10 [INFO] Script validated: C:\Users\ronni\OneDrive\Desktop\Projects\comprehensive-security-architecture\scripts\powershell\run-grype-scan.ps1
2025-11-18 09:01:11 [ERROR] Grype Filesystem failed: At C:\Users\ronni\OneDrive\Desktop\Projects\comprehensive-security-architecture\scripts\powershell\run-grype-scan.ps1:7 char:7
+ param(param(
+       ~
Missing ')' in function parameter list.

At C:\Users\ronni\OneDrive\Desktop\Projects\comprehensive-security-architecture\scripts\powershell\run-grype-scan.ps1:13 char:34
+     [string]$ScanMode = "all"    [string]$ScanMode = "all"
+                                  ~~~~~~~~~~~~~~~~~
Unexpected token '[string]$ScanMode' in expression or statement.

At C:\Users\ronni\OneDrive\Desktop\Projects\comprehensive-security-architecture\scripts\powershell\run-grype-scan.ps1:13 char:30
+     [string]$ScanMode = "all"    [string]$ScanMode = "all"
+                              ~
Missing closing ')' in expression.

At C:\Users\ronni\OneDrive\Desktop\Projects\comprehensive-security-architecture\scripts\powershell\run-grype-scan.ps1:15 char:1
+ ))
+ ~
Unexpected token ')' in expression or statement.

At C:\Users\ronni\OneDrive\Desktop\Projects\comprehensive-security-architecture\scripts\powershell\run-grype-scan.ps1:15 char:2
+ ))
+  ~
Unexpected token ')' in expression or statement.

At C:\Users\ronni\OneDrive\Desktop\Projects\comprehensive-security-architecture\scripts\powershell\run-grype-scan.ps1:19 char:36
+ $ErrorActionPreference = "Continue"$ErrorActionPreference = "Continue …
+                                    ~~~~~~~~~~~~~~~~~~~~~~
Unexpected token '$ErrorActionPreference' in expression or statement.

At C:\Users\ronni\OneDrive\Desktop\Projects\comprehensive-security-architecture\scripts\powershell\run-grype-scan.ps1:47 char:41
+     $parts = $env:SCAN_ID -split '_'    $TARGET_NAME = $parts[0]
+                                         ~~~~~~~~~~~~
Unexpected token '$TARGET_NAME' in expression or statement.

At C:\Users\ronni\OneDrive\Desktop\Projects\comprehensive-security-architecture\scripts\powershell\run-grype-scan.ps1:49 char:33
+     $TARGET_NAME = $parts[0]    $USERNAME = $parts[1]
+                                 ~~~~~~~~~
Unexpected token '$USERNAME' in expression or statement.

At C:\Users\ronni\OneDrive\Desktop\Projects\comprehensive-security-architecture\scripts\powershell\run-grype-scan.ps1:51 char:30
+     $USERNAME = $parts[1]    $TIMESTAMP = $parts[2..($parts.Length-1) …
+                              ~~~~~~~~~~
Unexpected token '$TIMESTAMP' in expression or statement.

At C:\Users\ronni\OneDrive\Desktop\Projects\comprehensive-security-architecture\scripts\powershell\run-grype-scan.ps1:53 char:60
+ … IMESTAMP = $parts[2..($parts.Length-1)] -join '_'    $SCAN_ID = $env: …
+                                                        ~~~~~~~~
Unexpected token '$SCAN_ID' in expression or statement.

Not all parse errors were reported.  Correct the reported errors and try again.
2025-11-18 09:01:11 [INFO] Starting scan: Grype Container Images
2025-11-18 09:01:11 [INFO] Script validated: C:\Users\ronni\OneDrive\Desktop\Projects\comprehensive-security-architecture\scripts\powershell\run-grype-scan.ps1
2025-11-18 09:01:11 [ERROR] Grype Container Images failed: At C:\Users\ronni\OneDrive\Desktop\Projects\comprehensive-security-architecture\scripts\powershell\run-grype-scan.ps1:7 char:7
+ param(param(
+       ~
Missing ')' in function parameter list.

At C:\Users\ronni\OneDrive\Desktop\Projects\comprehensive-security-architecture\scripts\powershell\run-grype-scan.ps1:13 char:34
+     [string]$ScanMode = "all"    [string]$ScanMode = "all"
+                                  ~~~~~~~~~~~~~~~~~
Unexpected token '[string]$ScanMode' in expression or statement.

At C:\Users\ronni\OneDrive\Desktop\Projects\comprehensive-security-architecture\scripts\powershell\run-grype-scan.ps1:13 char:30
+     [string]$ScanMode = "all"    [string]$ScanMode = "all"
+                              ~
Missing closing ')' in expression.

At C:\Users\ronni\OneDrive\Desktop\Projects\comprehensive-security-architecture\scripts\powershell\run-grype-scan.ps1:15 char:1
+ ))
+ ~
Unexpected token ')' in expression or statement.

At C:\Users\ronni\OneDrive\Desktop\Projects\comprehensive-security-architecture\scripts\powershell\run-grype-scan.ps1:15 char:2
+ ))
+  ~
Unexpected token ')' in expression or statement.

At C:\Users\ronni\OneDrive\Desktop\Projects\comprehensive-security-architecture\scripts\powershell\run-grype-scan.ps1:19 char:36
+ $ErrorActionPreference = "Continue"$ErrorActionPreference = "Continue …
+                                    ~~~~~~~~~~~~~~~~~~~~~~
Unexpected token '$ErrorActionPreference' in expression or statement.

At C:\Users\ronni\OneDrive\Desktop\Projects\comprehensive-security-architecture\scripts\powershell\run-grype-scan.ps1:47 char:41
+     $parts = $env:SCAN_ID -split '_'    $TARGET_NAME = $parts[0]
+                                         ~~~~~~~~~~~~
Unexpected token '$TARGET_NAME' in expression or statement.

At C:\Users\ronni\OneDrive\Desktop\Projects\comprehensive-security-architecture\scripts\powershell\run-grype-scan.ps1:49 char:33
+     $TARGET_NAME = $parts[0]    $USERNAME = $parts[1]
+                                 ~~~~~~~~~
Unexpected token '$USERNAME' in expression or statement.

At C:\Users\ronni\OneDrive\Desktop\Projects\comprehensive-security-architecture\scripts\powershell\run-grype-scan.ps1:51 char:30
+     $USERNAME = $parts[1]    $TIMESTAMP = $parts[2..($parts.Length-1) …
+                              ~~~~~~~~~~
Unexpected token '$TIMESTAMP' in expression or statement.

At C:\Users\ronni\OneDrive\Desktop\Projects\comprehensive-security-architecture\scripts\powershell\run-grype-scan.ps1:53 char:60
+ … IMESTAMP = $parts[2..($parts.Length-1)] -join '_'    $SCAN_ID = $env: …
+                                                        ~~~~~~~~
Unexpected token '$SCAN_ID' in expression or statement.

Not all parse errors were reported.  Correct the reported errors and try again.
2025-11-18 09:01:12 [INFO] Starting scan: Grype Base Images
2025-11-18 09:01:12 [INFO] Script validated: C:\Users\ronni\OneDrive\Desktop\Projects\comprehensive-security-architecture\scripts\powershell\run-grype-scan.ps1
2025-11-18 09:01:12 [ERROR] Grype Base Images failed: At C:\Users\ronni\OneDrive\Desktop\Projects\comprehensive-security-architecture\scripts\powershell\run-grype-scan.ps1:7 char:7
+ param(param(
+       ~
Missing ')' in function parameter list.

At C:\Users\ronni\OneDrive\Desktop\Projects\comprehensive-security-architecture\scripts\powershell\run-grype-scan.ps1:13 char:34
+     [string]$ScanMode = "all"    [string]$ScanMode = "all"
+                                  ~~~~~~~~~~~~~~~~~
Unexpected token '[string]$ScanMode' in expression or statement.

At C:\Users\ronni\OneDrive\Desktop\Projects\comprehensive-security-architecture\scripts\powershell\run-grype-scan.ps1:13 char:30
+     [string]$ScanMode = "all"    [string]$ScanMode = "all"
+                              ~
Missing closing ')' in expression.

At C:\Users\ronni\OneDrive\Desktop\Projects\comprehensive-security-architecture\scripts\powershell\run-grype-scan.ps1:15 char:1
+ ))
+ ~
Unexpected token ')' in expression or statement.

At C:\Users\ronni\OneDrive\Desktop\Projects\comprehensive-security-architecture\scripts\powershell\run-grype-scan.ps1:15 char:2
+ ))
+  ~
Unexpected token ')' in expression or statement.

At C:\Users\ronni\OneDrive\Desktop\Projects\comprehensive-security-architecture\scripts\powershell\run-grype-scan.ps1:19 char:36
+ $ErrorActionPreference = "Continue"$ErrorActionPreference = "Continue …
+                                    ~~~~~~~~~~~~~~~~~~~~~~
Unexpected token '$ErrorActionPreference' in expression or statement.

At C:\Users\ronni\OneDrive\Desktop\Projects\comprehensive-security-architecture\scripts\powershell\run-grype-scan.ps1:47 char:41
+     $parts = $env:SCAN_ID -split '_'    $TARGET_NAME = $parts[0]
+                                         ~~~~~~~~~~~~
Unexpected token '$TARGET_NAME' in expression or statement.

At C:\Users\ronni\OneDrive\Desktop\Projects\comprehensive-security-architecture\scripts\powershell\run-grype-scan.ps1:49 char:33
+     $TARGET_NAME = $parts[0]    $USERNAME = $parts[1]
+                                 ~~~~~~~~~
Unexpected token '$USERNAME' in expression or statement.

At C:\Users\ronni\OneDrive\Desktop\Projects\comprehensive-security-architecture\scripts\powershell\run-grype-scan.ps1:51 char:30
+     $USERNAME = $parts[1]    $TIMESTAMP = $parts[2..($parts.Length-1) …
+                              ~~~~~~~~~~
Unexpected token '$TIMESTAMP' in expression or statement.

At C:\Users\ronni\OneDrive\Desktop\Projects\comprehensive-security-architecture\scripts\powershell\run-grype-scan.ps1:53 char:60
+ … IMESTAMP = $parts[2..($parts.Length-1)] -join '_'    $SCAN_ID = $env: …
+                                                        ~~~~~~~~
Unexpected token '$SCAN_ID' in expression or statement.

Not all parse errors were reported.  Correct the reported errors and try again.
2025-11-18 09:01:13 [INFO] Starting scan: Trivy Filesystem
2025-11-18 09:01:13 [INFO] Script validated: C:\Users\ronni\OneDrive\Desktop\Projects\comprehensive-security-architecture\scripts\powershell\run-trivy-scan.ps1
2025-11-18 09:01:13 [ERROR] Trivy Filesystem failed: At C:\Users\ronni\OneDrive\Desktop\Projects\comprehensive-security-architecture\scripts\powershell\run-trivy-scan.ps1:7 char:7
+ param(param(
+       ~
Missing ')' in function parameter list.

At C:\Users\ronni\OneDrive\Desktop\Projects\comprehensive-security-architecture\scripts\powershell\run-trivy-scan.ps1:13 char:34
+     [string]$ScanMode = "all"    [string]$ScanMode = "all"
+                                  ~~~~~~~~~~~~~~~~~
Unexpected token '[string]$ScanMode' in expression or statement.

At C:\Users\ronni\OneDrive\Desktop\Projects\comprehensive-security-architecture\scripts\powershell\run-trivy-scan.ps1:13 char:30
+     [string]$ScanMode = "all"    [string]$ScanMode = "all"
+                              ~
Missing closing ')' in expression.

At C:\Users\ronni\OneDrive\Desktop\Projects\comprehensive-security-architecture\scripts\powershell\run-trivy-scan.ps1:15 char:1
+ ))
+ ~
Unexpected token ')' in expression or statement.

At C:\Users\ronni\OneDrive\Desktop\Projects\comprehensive-security-architecture\scripts\powershell\run-trivy-scan.ps1:15 char:2
+ ))
+  ~
Unexpected token ')' in expression or statement.

At C:\Users\ronni\OneDrive\Desktop\Projects\comprehensive-security-architecture\scripts\powershell\run-trivy-scan.ps1:19 char:36
+ $ErrorActionPreference = "Continue"$ErrorActionPreference = "Continue …
+                                    ~~~~~~~~~~~~~~~~~~~~~~
Unexpected token '$ErrorActionPreference' in expression or statement.

At C:\Users\ronni\OneDrive\Desktop\Projects\comprehensive-security-architecture\scripts\powershell\run-trivy-scan.ps1:25 char:13
+ $RED = "Red"$ScriptDir = Split-Path -Parent $MyInvocation.MyCommand.P …
+             ~~~~~~~~~~
Unexpected token '$ScriptDir' in expression or statement.

At C:\Users\ronni\OneDrive\Desktop\Projects\comprehensive-security-architecture\scripts\powershell\run-trivy-scan.ps1:37 char:17
+ $WHITE = "White"$scanEnv = Initialize-ScanEnvironment -ToolName "triv …
+                 ~~~~~~~~
Unexpected token '$scanEnv' in expression or statement.

At C:\Users\ronni\OneDrive\Desktop\Projects\comprehensive-security-architecture\scripts\powershell\run-trivy-scan.ps1:65 char:41
+     $parts = $env:SCAN_ID -split '_'    $TIMESTAMP = Get-Date -Format …
+                                         ~~~~~~~~~~
Unexpected token '$TIMESTAMP' in expression or statement.

At C:\Users\ronni\OneDrive\Desktop\Projects\comprehensive-security-architecture\scripts\powershell\run-trivy-scan.ps1:67 char:33
+     $TARGET_NAME = $parts[0]    $SCAN_ID = "${TARGET_NAME}_${USERNAME …
+                                 ~~~~~~~~
Unexpected token '$SCAN_ID' in expression or statement.

Not all parse errors were reported.  Correct the reported errors and try again.
2025-11-18 09:01:14 [INFO] Starting scan: Trivy Container Images
2025-11-18 09:01:14 [INFO] Script validated: C:\Users\ronni\OneDrive\Desktop\Projects\comprehensive-security-architecture\scripts\powershell\run-trivy-scan.ps1
2025-11-18 09:01:14 [ERROR] Trivy Container Images failed: At C:\Users\ronni\OneDrive\Desktop\Projects\comprehensive-security-architecture\scripts\powershell\run-trivy-scan.ps1:7 char:7
+ param(param(
+       ~
Missing ')' in function parameter list.

At C:\Users\ronni\OneDrive\Desktop\Projects\comprehensive-security-architecture\scripts\powershell\run-trivy-scan.ps1:13 char:34
+     [string]$ScanMode = "all"    [string]$ScanMode = "all"
+                                  ~~~~~~~~~~~~~~~~~
Unexpected token '[string]$ScanMode' in expression or statement.

At C:\Users\ronni\OneDrive\Desktop\Projects\comprehensive-security-architecture\scripts\powershell\run-trivy-scan.ps1:13 char:30
+     [string]$ScanMode = "all"    [string]$ScanMode = "all"
+                              ~
Missing closing ')' in expression.

At C:\Users\ronni\OneDrive\Desktop\Projects\comprehensive-security-architecture\scripts\powershell\run-trivy-scan.ps1:15 char:1
+ ))
+ ~
Unexpected token ')' in expression or statement.

At C:\Users\ronni\OneDrive\Desktop\Projects\comprehensive-security-architecture\scripts\powershell\run-trivy-scan.ps1:15 char:2
+ ))
+  ~
Unexpected token ')' in expression or statement.

At C:\Users\ronni\OneDrive\Desktop\Projects\comprehensive-security-architecture\scripts\powershell\run-trivy-scan.ps1:19 char:36
+ $ErrorActionPreference = "Continue"$ErrorActionPreference = "Continue …
+                                    ~~~~~~~~~~~~~~~~~~~~~~
Unexpected token '$ErrorActionPreference' in expression or statement.

At C:\Users\ronni\OneDrive\Desktop\Projects\comprehensive-security-architecture\scripts\powershell\run-trivy-scan.ps1:25 char:13
+ $RED = "Red"$ScriptDir = Split-Path -Parent $MyInvocation.MyCommand.P …
+             ~~~~~~~~~~
Unexpected token '$ScriptDir' in expression or statement.

At C:\Users\ronni\OneDrive\Desktop\Projects\comprehensive-security-architecture\scripts\powershell\run-trivy-scan.ps1:37 char:17
+ $WHITE = "White"$scanEnv = Initialize-ScanEnvironment -ToolName "triv …
+                 ~~~~~~~~
Unexpected token '$scanEnv' in expression or statement.

At C:\Users\ronni\OneDrive\Desktop\Projects\comprehensive-security-architecture\scripts\powershell\run-trivy-scan.ps1:65 char:41
+     $parts = $env:SCAN_ID -split '_'    $TIMESTAMP = Get-Date -Format …
+                                         ~~~~~~~~~~
Unexpected token '$TIMESTAMP' in expression or statement.

At C:\Users\ronni\OneDrive\Desktop\Projects\comprehensive-security-architecture\scripts\powershell\run-trivy-scan.ps1:67 char:33
+     $TARGET_NAME = $parts[0]    $SCAN_ID = "${TARGET_NAME}_${USERNAME …
+                                 ~~~~~~~~
Unexpected token '$SCAN_ID' in expression or statement.

Not all parse errors were reported.  Correct the reported errors and try again.
2025-11-18 09:01:14 [INFO] Starting scan: Trivy Base Images
2025-11-18 09:01:15 [INFO] Script validated: C:\Users\ronni\OneDrive\Desktop\Projects\comprehensive-security-architecture\scripts\powershell\run-trivy-scan.ps1
2025-11-18 09:01:15 [ERROR] Trivy Base Images failed: At C:\Users\ronni\OneDrive\Desktop\Projects\comprehensive-security-architecture\scripts\powershell\run-trivy-scan.ps1:7 char:7
+ param(param(
+       ~
Missing ')' in function parameter list.

At C:\Users\ronni\OneDrive\Desktop\Projects\comprehensive-security-architecture\scripts\powershell\run-trivy-scan.ps1:13 char:34
+     [string]$ScanMode = "all"    [string]$ScanMode = "all"
+                                  ~~~~~~~~~~~~~~~~~
Unexpected token '[string]$ScanMode' in expression or statement.

At C:\Users\ronni\OneDrive\Desktop\Projects\comprehensive-security-architecture\scripts\powershell\run-trivy-scan.ps1:13 char:30
+     [string]$ScanMode = "all"    [string]$ScanMode = "all"
+                              ~
Missing closing ')' in expression.

At C:\Users\ronni\OneDrive\Desktop\Projects\comprehensive-security-architecture\scripts\powershell\run-trivy-scan.ps1:15 char:1
+ ))
+ ~
Unexpected token ')' in expression or statement.

At C:\Users\ronni\OneDrive\Desktop\Projects\comprehensive-security-architecture\scripts\powershell\run-trivy-scan.ps1:15 char:2
+ ))
+  ~
Unexpected token ')' in expression or statement.

At C:\Users\ronni\OneDrive\Desktop\Projects\comprehensive-security-architecture\scripts\powershell\run-trivy-scan.ps1:19 char:36
+ $ErrorActionPreference = "Continue"$ErrorActionPreference = "Continue …
+                                    ~~~~~~~~~~~~~~~~~~~~~~
Unexpected token '$ErrorActionPreference' in expression or statement.

At C:\Users\ronni\OneDrive\Desktop\Projects\comprehensive-security-architecture\scripts\powershell\run-trivy-scan.ps1:25 char:13
+ $RED = "Red"$ScriptDir = Split-Path -Parent $MyInvocation.MyCommand.P …
+             ~~~~~~~~~~
Unexpected token '$ScriptDir' in expression or statement.

At C:\Users\ronni\OneDrive\Desktop\Projects\comprehensive-security-architecture\scripts\powershell\run-trivy-scan.ps1:37 char:17
+ $WHITE = "White"$scanEnv = Initialize-ScanEnvironment -ToolName "triv …
+                 ~~~~~~~~
Unexpected token '$scanEnv' in expression or statement.

At C:\Users\ronni\OneDrive\Desktop\Projects\comprehensive-security-architecture\scripts\powershell\run-trivy-scan.ps1:65 char:41
+     $parts = $env:SCAN_ID -split '_'    $TIMESTAMP = Get-Date -Format …
+                                         ~~~~~~~~~~
Unexpected token '$TIMESTAMP' in expression or statement.

At C:\Users\ronni\OneDrive\Desktop\Projects\comprehensive-security-architecture\scripts\powershell\run-trivy-scan.ps1:67 char:33
+     $TARGET_NAME = $parts[0]    $SCAN_ID = "${TARGET_NAME}_${USERNAME …
+                                 ~~~~~~~~
Unexpected token '$SCAN_ID' in expression or statement.

Not all parse errors were reported.  Correct the reported errors and try again.
2025-11-18 09:01:15 [INFO] Starting scan: Trivy Kubernetes
2025-11-18 09:01:16 [INFO] Script validated: C:\Users\ronni\OneDrive\Desktop\Projects\comprehensive-security-architecture\scripts\powershell\run-trivy-scan.ps1
2025-11-18 09:01:16 [ERROR] Trivy Kubernetes failed: At C:\Users\ronni\OneDrive\Desktop\Projects\comprehensive-security-architecture\scripts\powershell\run-trivy-scan.ps1:7 char:7
+ param(param(
+       ~
Missing ')' in function parameter list.

At C:\Users\ronni\OneDrive\Desktop\Projects\comprehensive-security-architecture\scripts\powershell\run-trivy-scan.ps1:13 char:34
+     [string]$ScanMode = "all"    [string]$ScanMode = "all"
+                                  ~~~~~~~~~~~~~~~~~
Unexpected token '[string]$ScanMode' in expression or statement.

At C:\Users\ronni\OneDrive\Desktop\Projects\comprehensive-security-architecture\scripts\powershell\run-trivy-scan.ps1:13 char:30
+     [string]$ScanMode = "all"    [string]$ScanMode = "all"
+                              ~
Missing closing ')' in expression.

At C:\Users\ronni\OneDrive\Desktop\Projects\comprehensive-security-architecture\scripts\powershell\run-trivy-scan.ps1:15 char:1
+ ))
+ ~
Unexpected token ')' in expression or statement.

At C:\Users\ronni\OneDrive\Desktop\Projects\comprehensive-security-architecture\scripts\powershell\run-trivy-scan.ps1:15 char:2
+ ))
+  ~
Unexpected token ')' in expression or statement.

At C:\Users\ronni\OneDrive\Desktop\Projects\comprehensive-security-architecture\scripts\powershell\run-trivy-scan.ps1:19 char:36
+ $ErrorActionPreference = "Continue"$ErrorActionPreference = "Continue …
+                                    ~~~~~~~~~~~~~~~~~~~~~~
Unexpected token '$ErrorActionPreference' in expression or statement.

At C:\Users\ronni\OneDrive\Desktop\Projects\comprehensive-security-architecture\scripts\powershell\run-trivy-scan.ps1:25 char:13
+ $RED = "Red"$ScriptDir = Split-Path -Parent $MyInvocation.MyCommand.P …
+             ~~~~~~~~~~
Unexpected token '$ScriptDir' in expression or statement.

At C:\Users\ronni\OneDrive\Desktop\Projects\comprehensive-security-architecture\scripts\powershell\run-trivy-scan.ps1:37 char:17
+ $WHITE = "White"$scanEnv = Initialize-ScanEnvironment -ToolName "triv …
+                 ~~~~~~~~
Unexpected token '$scanEnv' in expression or statement.

At C:\Users\ronni\OneDrive\Desktop\Projects\comprehensive-security-architecture\scripts\powershell\run-trivy-scan.ps1:65 char:41
+     $parts = $env:SCAN_ID -split '_'    $TIMESTAMP = Get-Date -Format …
+                                         ~~~~~~~~~~
Unexpected token '$TIMESTAMP' in expression or statement.

At C:\Users\ronni\OneDrive\Desktop\Projects\comprehensive-security-architecture\scripts\powershell\run-trivy-scan.ps1:67 char:33
+     $TARGET_NAME = $parts[0]    $SCAN_ID = "${TARGET_NAME}_${USERNAME …
+                                 ~~~~~~~~
Unexpected token '$SCAN_ID' in expression or statement.

Not all parse errors were reported.  Correct the reported errors and try again.
2025-11-18 09:01:16 [INFO] Starting scan: Xeol EOL Detection
2025-11-18 09:01:17 [INFO] Script validated: C:\Users\ronni\OneDrive\Desktop\Projects\comprehensive-security-architecture\scripts\powershell\run-xeol-scan.ps1
2025-11-18 09:01:17 [ERROR] Xeol EOL Detection failed: At C:\Users\ronni\OneDrive\Desktop\Projects\comprehensive-security-architecture\scripts\powershell\run-xeol-scan.ps1:9 char:28
+     [Parameter(Position=0)]param(
+                            ~
Parameter declarations are a comma-separated list of variable names with optional initializer expressions.

At C:\Users\ronni\OneDrive\Desktop\Projects\comprehensive-security-architecture\scripts\powershell\run-xeol-scan.ps1:9 char:28
+     [Parameter(Position=0)]param(
+                            ~
Missing ')' in function parameter list.

At C:\Users\ronni\OneDrive\Desktop\Projects\comprehensive-security-architecture\scripts\powershell\run-xeol-scan.ps1:19 char:36
+ $ErrorActionPreference = "Continue"$ErrorActionPreference = "Continue …
+                                    ~~~~~~~~~~~~~~~~~~~~~~
Unexpected token '$ErrorActionPreference' in expression or statement.

At C:\Users\ronni\OneDrive\Desktop\Projects\comprehensive-security-architecture\scripts\powershell\run-xeol-scan.ps1:25 char:13
+ $RED = "Red"$ScriptDir = Split-Path -Parent $MyInvocation.MyCommand.P …
+             ~~~~~~~~~~
Unexpected token '$ScriptDir' in expression or statement.

At C:\Users\ronni\OneDrive\Desktop\Projects\comprehensive-security-architecture\scripts\powershell\run-xeol-scan.ps1:37 char:17
+ $WHITE = "White"$scanEnv = Initialize-ScanEnvironment -ToolName "xeol …
+                 ~~~~~~~~
Unexpected token '$scanEnv' in expression or statement.

At C:\Users\ronni\OneDrive\Desktop\Projects\comprehensive-security-architecture\scripts\powershell\run-xeol-scan.ps1:65 char:41
+     $parts = $env:SCAN_ID -split '_'    $TIMESTAMP = Get-Date -Format …
+                                         ~~~~~~~~~~
Unexpected token '$TIMESTAMP' in expression or statement.

At C:\Users\ronni\OneDrive\Desktop\Projects\comprehensive-security-architecture\scripts\powershell\run-xeol-scan.ps1:67 char:33
+     $TARGET_NAME = $parts[0]    $SCAN_ID = "${TARGET_NAME}_${USERNAME …
+                                 ~~~~~~~~
Unexpected token '$SCAN_ID' in expression or statement.

At C:\Users\ronni\OneDrive\Desktop\Projects\comprehensive-security-architecture\scripts\powershell\run-xeol-scan.ps1:75 char:2
+ }$ScriptName = "run-xeol-scan"
+  ~~~~~~~~~~~
Unexpected token '$ScriptName' in expression or statement.

At C:\Users\ronni\OneDrive\Desktop\Projects\comprehensive-security-architecture\scripts\powershell\run-xeol-scan.ps1:87 char:57
+     $SCAN_ID = "${TARGET_NAME}_${USERNAME}_${TIMESTAMP}"$RED = "Red"
+                                                         ~~~~
Unexpected token '$RED' in expression or statement.

At C:\Users\ronni\OneDrive\Desktop\Projects\comprehensive-security-architecture\scripts\powershell\run-xeol-scan.ps1:89 char:2
+ }$GREEN = "Green"
+  ~~~~~~
Unexpected token '$GREEN' in expression or statement.

Not all parse errors were reported.  Correct the reported errors and try again.
2025-11-18 09:01:17 [INFO] Starting report consolidation
2025-11-18 09:01:18 [INFO] Reports consolidated successfully
2025-11-18 09:01:18 [INFO] === Security Scan Orchestrator Completed ===
2025-11-18 09:01:19 [INFO] Total Duration: 33.9m
2025-11-18 09:01:19 [INFO] Successful: 0, Failed: 13, Skipped: 0
2025-11-18 09:01:19 [INFO] Reports location: C:\Users\ronni\OneDrive\Desktop\Projects\comprehensive-security-architecture\reports\security-reports
